<?xml version="1.0" encoding="UTF-8"?>
<testng-results ignored="0" total="2" passed="2" failed="0" skipped="0">
  <reporter-output>
  </reporter-output>
  <suite started-at="2024-11-30T20:47:37 IST" name="Default suite" finished-at="2024-11-30T20:47:51 IST" duration-ms="14029">
    <groups>
    </groups>
    <test started-at="2024-11-30T20:47:37 IST" name="Default test" finished-at="2024-11-30T20:47:51 IST" duration-ms="14029">
      <class name="webatuomate.Script">
        <test-method signature="hello()[pri:0, instance:webatuomate.Script@1ed4ae0f]" started-at="2024-11-30T20:47:37 IST" name="hello" finished-at="2024-11-30T20:47:47 IST" duration-ms="10695" status="PASS">
          <reporter-output>
          </reporter-output>
        </test-method> <!-- hello -->
      
      </class> <!-- webatuomate.Script -->
    </test> <!-- Default test -->
  </suite> <!-- Default suite -->
</testng-results>
